{"contracts/Auction.sol":{"l":{"10":3,"14":1,"15":1,"19":0,"21":0,"22":0,"24":0,"25":0,"29":0,"33":0,"34":0},"path":"/home/fabiano/Projetos/TRUFFLE/Leilao/contracts/Auction.sol","s":{"1":3,"2":1,"3":1,"4":0,"5":0,"6":0,"7":0,"8":0},"b":{"1":[0,0],"2":[0,0],"3":[0,0]},"f":{"1":3,"2":1,"3":0,"4":0,"5":0},"fnMap":{"1":{"name":null,"line":9,"loc":{"start":{"line":9,"column":2},"end":{"line":9,"column":22}}},"2":{"name":"auction","line":13,"loc":{"start":{"line":13,"column":2},"end":{"line":13,"column":35}}},"3":{"name":"bid","line":18,"loc":{"start":{"line":18,"column":2},"end":{"line":18,"column":31}}},"4":{"name":"finishAuction","line":28,"loc":{"start":{"line":28,"column":2},"end":{"line":28,"column":44}}},"5":{"name":"restricted","line":32,"loc":{"start":{"line":32,"column":2},"end":{"line":32,"column":23}}}},"statementMap":{"1":{"start":{"line":10,"column":4},"end":{"line":10,"column":23}},"2":{"start":{"line":14,"column":4},"end":{"line":14,"column":28}},"3":{"start":{"line":15,"column":4},"end":{"line":15,"column":22}},"4":{"start":{"line":19,"column":4},"end":{"line":19,"column":81}},"5":{"start":{"line":21,"column":4},"end":{"line":21,"column":462}},"6":{"start":{"line":24,"column":4},"end":{"line":24,"column":28}},"7":{"start":{"line":25,"column":4},"end":{"line":25,"column":24}},"8":{"start":{"line":33,"column":4},"end":{"line":33,"column":68}}},"branchMap":{"1":{"line":19,"type":"if","locations":[{"start":{"line":19,"column":4},"end":{"line":19,"column":4}},{"start":{"line":19,"column":4},"end":{"line":19,"column":4}}]},"2":{"line":21,"type":"if","locations":[{"start":{"line":21,"column":4},"end":{"line":21,"column":4}},{"start":{"line":21,"column":4},"end":{"line":21,"column":4}}]},"3":{"line":33,"type":"if","locations":[{"start":{"line":33,"column":4},"end":{"line":33,"column":4}},{"start":{"line":33,"column":4},"end":{"line":33,"column":4}}]}}},"contracts/Leilao.sol":{"l":{"17":2,"19":2,"20":2,"24":3,"28":0,"29":0,"33":1,"34":1,"38":1,"39":1,"43":0,"44":0,"53":1,"57":1,"60":1,"64":1,"66":1,"68":1,"75":0,"83":1,"84":1,"85":1,"87":1,"89":1,"91":1,"92":1,"98":0,"99":0,"101":0,"103":0,"104":0,"109":0,"111":0,"112":0,"113":0,"118":0,"119":0,"120":0,"122":0,"127":0,"128":0,"132":0,"134":0,"137":0,"139":0,"141":0,"151":0,"152":0,"153":0,"161":0,"162":0,"163":0,"169":1,"170":1},"path":"/home/fabiano/Projetos/TRUFFLE/Leilao/contracts/Leilao.sol","s":{"1":2,"2":0,"3":2,"4":2,"5":3,"6":0,"7":0,"8":1,"9":0,"10":1,"11":0,"12":0,"13":0,"14":1,"15":0,"16":1,"17":1,"18":0,"19":1,"20":1,"21":1,"22":0,"23":1,"24":1,"25":1,"26":1,"27":1,"28":1,"29":0,"30":0,"31":0,"32":0,"33":0,"34":0,"35":0,"36":0,"37":0,"38":0,"39":0,"40":0,"41":0,"42":0,"43":0,"44":0,"45":0,"46":0,"47":0,"48":0,"49":0,"50":0,"51":0,"52":0,"53":0,"54":0,"55":0,"56":1,"57":0,"58":1},"b":{"1":[0,2],"2":[0,0],"3":[0,1],"4":[0,1],"5":[0,0],"6":[0,1],"7":[0,1],"8":[0,1],"9":[1,0],"10":[0,0],"11":[0,0],"12":[0,0],"13":[0,0],"14":[0,0],"15":[0,0],"16":[0,1]},"f":{"1":2,"2":3,"3":0,"4":1,"5":1,"6":0,"7":1,"8":0,"9":0,"10":0,"11":1},"fnMap":{"1":{"name":null,"line":16,"loc":{"start":{"line":16,"column":2},"end":{"line":16,"column":60}}},"2":{"name":"obterMaiorLanceAtual","line":23,"loc":{"start":{"line":23,"column":2},"end":{"line":23,"column":58}}},"3":{"name":"somenteOwner","line":27,"loc":{"start":{"line":27,"column":2},"end":{"line":27,"column":23}}},"4":{"name":"somenteNaoOwner","line":32,"loc":{"start":{"line":32,"column":2},"end":{"line":32,"column":26}}},"5":{"name":"somenteNaoCancelado","line":37,"loc":{"start":{"line":37,"column":2},"end":{"line":37,"column":30}}},"6":{"name":"somenteFinalizadoOuCancelado","line":42,"loc":{"start":{"line":42,"column":2},"end":{"line":42,"column":39}}},"7":{"name":"darLance","line":47,"loc":{"start":{"line":47,"column":2},"end":{"line":50,"column":45}}},"8":{"name":"sacar","line":95,"loc":{"start":{"line":95,"column":2},"end":{"line":97,"column":29}}},"9":{"name":"cancelarLeilao","line":146,"loc":{"start":{"line":146,"column":2},"end":{"line":150,"column":3}}},"10":{"name":"finalizarLeilao","line":156,"loc":{"start":{"line":156,"column":2},"end":{"line":160,"column":3}}},"11":{"name":"min","line":166,"loc":{"start":{"line":166,"column":2},"end":{"line":168,"column":3}}}},"statementMap":{"1":{"start":{"line":17,"column":4},"end":{"line":17,"column":73}},"2":{"start":{"line":17,"column":21},"end":{"line":17,"column":72}},"3":{"start":{"line":19,"column":4},"end":{"line":19,"column":17}},"4":{"start":{"line":20,"column":4},"end":{"line":20,"column":39}},"5":{"start":{"line":24,"column":4},"end":{"line":24,"column":21}},"6":{"start":{"line":28,"column":4},"end":{"line":28,"column":80}},"7":{"start":{"line":28,"column":29},"end":{"line":28,"column":79}},"8":{"start":{"line":33,"column":4},"end":{"line":33,"column":76}},"9":{"start":{"line":33,"column":29},"end":{"line":33,"column":75}},"10":{"start":{"line":38,"column":4},"end":{"line":38,"column":49}},"11":{"start":{"line":38,"column":19},"end":{"line":38,"column":48}},"12":{"start":{"line":43,"column":4},"end":{"line":43,"column":75}},"13":{"start":{"line":43,"column":35},"end":{"line":43,"column":74}},"14":{"start":{"line":53,"column":4},"end":{"line":53,"column":67}},"15":{"start":{"line":53,"column":24},"end":{"line":53,"column":66}},"16":{"start":{"line":57,"column":4},"end":{"line":57,"column":65}},"17":{"start":{"line":60,"column":4},"end":{"line":60,"column":82}},"18":{"start":{"line":60,"column":33},"end":{"line":60,"column":81}},"19":{"start":{"line":64,"column":4},"end":{"line":64,"column":69}},"20":{"start":{"line":66,"column":4},"end":{"line":66,"column":48}},"21":{"start":{"line":68,"column":4},"end":{"line":68,"column":1993}},"22":{"start":{"line":75,"column":6},"end":{"line":75,"column":66}},"23":{"start":{"line":83,"column":6},"end":{"line":83,"column":2805}},"24":{"start":{"line":84,"column":8},"end":{"line":84,"column":42}},"25":{"start":{"line":85,"column":8},"end":{"line":85,"column":68}},"26":{"start":{"line":87,"column":6},"end":{"line":87,"column":30}},"27":{"start":{"line":91,"column":4},"end":{"line":91,"column":91}},"28":{"start":{"line":92,"column":4},"end":{"line":92,"column":15}},"29":{"start":{"line":101,"column":4},"end":{"line":101,"column":3305}},"30":{"start":{"line":103,"column":6},"end":{"line":103,"column":28}},"31":{"start":{"line":104,"column":6},"end":{"line":104,"column":54}},"32":{"start":{"line":109,"column":6},"end":{"line":109,"column":3573}},"33":{"start":{"line":111,"column":8},"end":{"line":111,"column":42}},"34":{"start":{"line":112,"column":8},"end":{"line":112,"column":33}},"35":{"start":{"line":113,"column":8},"end":{"line":113,"column":24}},"36":{"start":{"line":115,"column":13},"end":{"line":115,"column":3786}},"37":{"start":{"line":118,"column":8},"end":{"line":118,"column":42}},"38":{"start":{"line":119,"column":8},"end":{"line":119,"column":4029}},"39":{"start":{"line":120,"column":10},"end":{"line":120,"column":70}},"40":{"start":{"line":122,"column":10},"end":{"line":122,"column":83}},"41":{"start":{"line":127,"column":8},"end":{"line":127,"column":30}},"42":{"start":{"line":128,"column":8},"end":{"line":128,"column":56}},"43":{"start":{"line":132,"column":4},"end":{"line":132,"column":51}},"44":{"start":{"line":132,"column":28},"end":{"line":132,"column":50}},"45":{"start":{"line":134,"column":4},"end":{"line":134,"column":53}},"46":{"start":{"line":137,"column":4},"end":{"line":137,"column":78}},"47":{"start":{"line":137,"column":41},"end":{"line":137,"column":77}},"48":{"start":{"line":139,"column":4},"end":{"line":139,"column":56}},"49":{"start":{"line":141,"column":4},"end":{"line":141,"column":15}},"50":{"start":{"line":151,"column":4},"end":{"line":151,"column":19}},"51":{"start":{"line":152,"column":4},"end":{"line":152,"column":26}},"52":{"start":{"line":153,"column":4},"end":{"line":153,"column":15}},"53":{"start":{"line":161,"column":4},"end":{"line":161,"column":20}},"54":{"start":{"line":162,"column":4},"end":{"line":162,"column":26}},"55":{"start":{"line":163,"column":4},"end":{"line":163,"column":15}},"56":{"start":{"line":169,"column":4},"end":{"line":169,"column":23}},"57":{"start":{"line":169,"column":15},"end":{"line":169,"column":23}},"58":{"start":{"line":170,"column":4},"end":{"line":170,"column":12}}},"branchMap":{"1":{"line":17,"type":"if","locations":[{"start":{"line":17,"column":4},"end":{"line":17,"column":4}},{"start":{"line":17,"column":4},"end":{"line":17,"column":4}}]},"2":{"line":28,"type":"if","locations":[{"start":{"line":28,"column":4},"end":{"line":28,"column":4}},{"start":{"line":28,"column":4},"end":{"line":28,"column":4}}]},"3":{"line":33,"type":"if","locations":[{"start":{"line":33,"column":4},"end":{"line":33,"column":4}},{"start":{"line":33,"column":4},"end":{"line":33,"column":4}}]},"4":{"line":38,"type":"if","locations":[{"start":{"line":38,"column":4},"end":{"line":38,"column":4}},{"start":{"line":38,"column":4},"end":{"line":38,"column":4}}]},"5":{"line":43,"type":"if","locations":[{"start":{"line":43,"column":4},"end":{"line":43,"column":4}},{"start":{"line":43,"column":4},"end":{"line":43,"column":4}}]},"6":{"line":53,"type":"if","locations":[{"start":{"line":53,"column":4},"end":{"line":53,"column":4}},{"start":{"line":53,"column":4},"end":{"line":53,"column":4}}]},"7":{"line":60,"type":"if","locations":[{"start":{"line":60,"column":4},"end":{"line":60,"column":4}},{"start":{"line":60,"column":4},"end":{"line":60,"column":4}}]},"8":{"line":68,"type":"if","locations":[{"start":{"line":68,"column":4},"end":{"line":68,"column":4}},{"start":{"line":68,"column":4},"end":{"line":68,"column":4}}]},"9":{"line":83,"type":"if","locations":[{"start":{"line":83,"column":6},"end":{"line":83,"column":6}},{"start":{"line":83,"column":6},"end":{"line":83,"column":6}}]},"10":{"line":101,"type":"if","locations":[{"start":{"line":101,"column":4},"end":{"line":101,"column":4}},{"start":{"line":101,"column":4},"end":{"line":101,"column":4}}]},"11":{"line":109,"type":"if","locations":[{"start":{"line":109,"column":6},"end":{"line":109,"column":6}},{"start":{"line":109,"column":6},"end":{"line":109,"column":6}}]},"12":{"line":115,"type":"if","locations":[{"start":{"line":115,"column":13},"end":{"line":115,"column":13}},{"start":{"line":115,"column":13},"end":{"line":115,"column":13}}]},"13":{"line":119,"type":"if","locations":[{"start":{"line":119,"column":8},"end":{"line":119,"column":8}},{"start":{"line":119,"column":8},"end":{"line":119,"column":8}}]},"14":{"line":132,"type":"if","locations":[{"start":{"line":132,"column":4},"end":{"line":132,"column":4}},{"start":{"line":132,"column":4},"end":{"line":132,"column":4}}]},"15":{"line":137,"type":"if","locations":[{"start":{"line":137,"column":4},"end":{"line":137,"column":4}},{"start":{"line":137,"column":4},"end":{"line":137,"column":4}}]},"16":{"line":169,"type":"if","locations":[{"start":{"line":169,"column":4},"end":{"line":169,"column":4}},{"start":{"line":169,"column":4},"end":{"line":169,"column":4}}]}}}}